On Tue Jan 26 2021, 07:31:29 AM: NOTIFICATION: running bot
On Tue Jan 26 2021, 07:49:41 AM: NOTIFICATION: running task ping_update
On Tue Jan 26 2021, 07:49:41 AM: NOTIFICATION: running task sql_roles_update
On Tue Jan 26 2021, 09:49:43 AM: NOTIFICATION: running task ping_update
On Tue Jan 26 2021, 09:57:09 AM: NOTIFICATION: Establishing connection to SQL Database...
On Tue Jan 26 2021, 09:57:25 AM: NOTIFICATION: running bot
On Tue Jan 26 2021, 09:57:25 AM: NOTIFICATION: running task sql_roles_update
On Tue Jan 26 2021, 09:57:39 AM: NOTIFICATION: running task ping_update
On Tue Jan 26 2021, 09:58:12 AM: NOTIFICATION: Establishing connection to SQL Database...
On Tue Jan 26 2021, 09:58:17 AM: NOTIFICATION: running bot
On Tue Jan 26 2021, 09:58:17 AM: NOTIFICATION: running task sql_roles_update
On Tue Jan 26 2021, 09:58:25 AM: NOTIFICATION: running task ping_update
On Tue Jan 26 2021, 10:58:15 AM: NOTIFICATION: running task sql_roles_update
On Tue Jan 26 2021, 11:58:15 AM: NOTIFICATION: running task sql_roles_update
On Tue Jan 26 2021, 11:58:23 AM: NOTIFICATION: running task ping_update
On Tue Jan 26 2021, 12:11:57 PM: NOTIFICATION: Establishing connection to SQL Database...
On Tue Jan 26 2021, 12:12:13 PM: NOTIFICATION: running bot
On Tue Jan 26 2021, 12:12:13 PM: NOTIFICATION: running task sql_roles_update
On Tue Jan 26 2021, 12:12:21 PM: NOTIFICATION: running task ping_update
On Tue Jan 26 2021, 01:12:11 PM: NOTIFICATION: running task sql_roles_update
On Tue Jan 26 2021, 02:12:11 PM: NOTIFICATION: running task ping_update
On Tue Jan 26 2021, 02:12:11 PM: NOTIFICATION: running task sql_roles_update
On Tue Jan 26 2021, 03:12:11 PM: NOTIFICATION: running task sql_roles_update
On Tue Jan 26 2021, 04:12:11 PM: NOTIFICATION: running task sql_roles_update
On Tue Jan 26 2021, 04:12:20 PM: NOTIFICATION: running task ping_update
On Tue Jan 26 2021, 05:12:11 PM: NOTIFICATION: running task sql_roles_update
On Tue Jan 26 2021, 06:12:11 PM: NOTIFICATION: running task ping_update
On Tue Jan 26 2021, 06:12:11 PM: NOTIFICATION: running task sql_roles_update
On Tue Jan 26 2021, 07:12:11 PM: NOTIFICATION: running task sql_roles_update
On Tue Jan 26 2021, 08:12:11 PM: NOTIFICATION: running task ping_update
On Tue Jan 26 2021, 08:12:11 PM: NOTIFICATION: running task sql_roles_update
